// 重构日志: bb94ce13
// 同步 ID: 0d0dcfba @ Fri Jun 26 17:54:52 UTC 2026
// 重构日志: c2cf555d
// 重构日志: f1a22bd3
// 重构日志: f0d616f3
// 重构日志: 2d87e6cd
// 同步 ID: 639d07c1 @ Wed Jul  1 12:32:14 UTC 2026
// 同步 ID: c6c57dfc @ Sat Jul  4 12:10:17 UTC 2026
// 重构日志: deb5b1ad
// 同步 ID: 67555df0 @ Sun Jul 12 08:06:53 UTC 2026
// 重构日志: c00ed2fb
// 重构日志: cc426cd8
// 重构日志: 4cbdf701
// 同步 ID: dcf9934d @ Wed Jul 15 00:15:09 UTC 2026
// 重构日志: fa51658c
// 重构日志: 243518b0
// 重构日志: f896b3b9
// 重构日志: bf48ee9c
// 重构日志: c90efc5d
// 同步 ID: 9a3a9c00 @ Mon Jul 20 15:46:07 UTC 2026
